  main.cpp
c:\users\woald\desktop\18-01\18-01 수치컴퓨팅, gpu프로그래밍\과제1\simple_simt\simple_simt\main.cpp : warning C4819: 현재 코드 페이지(949)에서 표시할 수 없는 문자가 파일에 들어 있습니다. 데이터가 손실되지 않게 하려면 해당 파일을 유니코드 형식으로 저장하십시오.
c:\users\woald\desktop\18-01\18-01 수치컴퓨팅, gpu프로그래밍\과제1\simple_simt\simple_simt\my_opencl_util.h : warning C4819: 현재 코드 페이지(949)에서 표시할 수 없는 문자가 파일에 들어 있습니다. 데이터가 손실되지 않게 하려면 해당 파일을 유니코드 형식으로 저장하십시오.
c:\users\woald\desktop\18-01\18-01 수치컴퓨팅, gpu프로그래밍\과제1\simple_simt\simple_simt\my_opencl_util.h(176): warning C4996: 'fopen': This function or variable may be unsafe. Consider using fopen_s instead. To disable deprecation, use _CRT_SECURE_NO_WARNINGS. See online help for details.
  c:\program files (x86)\windows kits\10\include\10.0.16299.0\ucrt\stdio.h(207): note: 'fopen' 선언을 참조하십시오.
c:\users\woald\desktop\18-01\18-01 수치컴퓨팅, gpu프로그래밍\과제1\simple_simt\simple_simt\my_opencl_util.h(381): warning C4477: 'printf' : 서식 문자열 '%lu'에 'unsigned long' 형식의 인수가 필요하지만 variadic 인수 1의 형식이 'size_t'입니다.
  c:\users\woald\desktop\18-01\18-01 수치컴퓨팅, gpu프로그래밍\과제1\simple_simt\simple_simt\my_opencl_util.h(381): note: 서식 문자열에서 '%zu'을(를) 사용하는 것이 좋습니다.
c:\users\woald\desktop\18-01\18-01 수치컴퓨팅, gpu프로그래밍\과제1\simple_simt\simple_simt\my_opencl_util.h(381): warning C4477: 'printf' : 서식 문자열 '%lu'에 'unsigned long' 형식의 인수가 필요하지만 variadic 인수 2의 형식이 'size_t'입니다.
  c:\users\woald\desktop\18-01\18-01 수치컴퓨팅, gpu프로그래밍\과제1\simple_simt\simple_simt\my_opencl_util.h(381): note: 서식 문자열에서 '%zu'을(를) 사용하는 것이 좋습니다.
c:\users\woald\desktop\18-01\18-01 수치컴퓨팅, gpu프로그래밍\과제1\simple_simt\simple_simt\my_opencl_util.h(381): warning C4477: 'printf' : 서식 문자열 '%lu'에 'unsigned long' 형식의 인수가 필요하지만 variadic 인수 3의 형식이 'size_t'입니다.
  c:\users\woald\desktop\18-01\18-01 수치컴퓨팅, gpu프로그래밍\과제1\simple_simt\simple_simt\my_opencl_util.h(381): note: 서식 문자열에서 '%zu'을(를) 사용하는 것이 좋습니다.
c:\users\woald\desktop\18-01\18-01 수치컴퓨팅, gpu프로그래밍\과제1\simple_simt\simple_simt\my_opencl_util.h(385): warning C4477: 'fprintf' : 서식 문자열 '%lu'에 'unsigned long' 형식의 인수가 필요하지만 variadic 인수 1의 형식이 'size_t'입니다.
  c:\users\woald\desktop\18-01\18-01 수치컴퓨팅, gpu프로그래밍\과제1\simple_simt\simple_simt\my_opencl_util.h(385): note: 서식 문자열에서 '%zu'을(를) 사용하는 것이 좋습니다.
c:\users\woald\desktop\18-01\18-01 수치컴퓨팅, gpu프로그래밍\과제1\simple_simt\simple_simt\my_opencl_util.h(466): warning C4477: 'fprintf' : 서식 문자열 '%lu'에 'unsigned long' 형식의 인수가 필요하지만 variadic 인수 1의 형식이 'size_t'입니다.
  c:\users\woald\desktop\18-01\18-01 수치컴퓨팅, gpu프로그래밍\과제1\simple_simt\simple_simt\my_opencl_util.h(466): note: 서식 문자열에서 '%zu'을(를) 사용하는 것이 좋습니다.
c:\users\woald\desktop\18-01\18-01 수치컴퓨팅, gpu프로그래밍\과제1\simple_simt\simple_simt\my_opencl_util.h(469): warning C4477: 'fprintf' : 서식 문자열 '%lu'에 'unsigned long' 형식의 인수가 필요하지만 variadic 인수 1의 형식이 'size_t'입니다.
  c:\users\woald\desktop\18-01\18-01 수치컴퓨팅, gpu프로그래밍\과제1\simple_simt\simple_simt\my_opencl_util.h(469): note: 서식 문자열에서 '%zu'을(를) 사용하는 것이 좋습니다.
c:\users\woald\desktop\18-01\18-01 수치컴퓨팅, gpu프로그래밍\과제1\simple_simt\simple_simt\my_opencl_util.h(489): warning C4477: 'fprintf' : 서식 문자열 '%lu'에 'unsigned long' 형식의 인수가 필요하지만 variadic 인수 1의 형식이 'size_t'입니다.
  c:\users\woald\desktop\18-01\18-01 수치컴퓨팅, gpu프로그래밍\과제1\simple_simt\simple_simt\my_opencl_util.h(489): note: 서식 문자열에서 '%zu'을(를) 사용하는 것이 좋습니다.
c:\users\woald\desktop\18-01\18-01 수치컴퓨팅, gpu프로그래밍\과제1\simple_simt\simple_simt\my_opencl_util.h(492): warning C4477: 'fprintf' : 서식 문자열 '%lu'에 'unsigned long' 형식의 인수가 필요하지만 variadic 인수 1의 형식이 'size_t'입니다.
  c:\users\woald\desktop\18-01\18-01 수치컴퓨팅, gpu프로그래밍\과제1\simple_simt\simple_simt\my_opencl_util.h(492): note: 서식 문자열에서 '%zu'을(를) 사용하는 것이 좋습니다.
c:\users\woald\desktop\18-01\18-01 수치컴퓨팅, gpu프로그래밍\과제1\simple_simt\simple_simt\my_opencl_util.h(495): warning C4477: 'fprintf' : 서식 문자열 '%lu'에 'unsigned long' 형식의 인수가 필요하지만 variadic 인수 1의 형식이 'size_t'입니다.
  c:\users\woald\desktop\18-01\18-01 수치컴퓨팅, gpu프로그래밍\과제1\simple_simt\simple_simt\my_opencl_util.h(495): note: 서식 문자열에서 '%zu'을(를) 사용하는 것이 좋습니다.
c:\users\woald\desktop\18-01\18-01 수치컴퓨팅, gpu프로그래밍\과제1\simple_simt\simple_simt\my_opencl_util.h(498): warning C4477: 'fprintf' : 서식 문자열 '%lu'에 'unsigned long' 형식의 인수가 필요하지만 variadic 인수 1의 형식이 'size_t'입니다.
  c:\users\woald\desktop\18-01\18-01 수치컴퓨팅, gpu프로그래밍\과제1\simple_simt\simple_simt\my_opencl_util.h(498): note: 서식 문자열에서 '%zu'을(를) 사용하는 것이 좋습니다.
c:\users\woald\desktop\18-01\18-01 수치컴퓨팅, gpu프로그래밍\과제1\simple_simt\simple_simt\my_opencl_util.h(501): warning C4477: 'fprintf' : 서식 문자열 '%lu'에 'unsigned long' 형식의 인수가 필요하지만 variadic 인수 1의 형식이 'size_t'입니다.
  c:\users\woald\desktop\18-01\18-01 수치컴퓨팅, gpu프로그래밍\과제1\simple_simt\simple_simt\my_opencl_util.h(501): note: 서식 문자열에서 '%zu'을(를) 사용하는 것이 좋습니다.
c:\users\woald\desktop\18-01\18-01 수치컴퓨팅, gpu프로그래밍\과제1\simple_simt\simple_simt\my_opencl_util.h(578): warning C4018: '<': signed 또는 unsigned가 일치하지 않습니다.
c:\users\woald\desktop\18-01\18-01 수치컴퓨팅, gpu프로그래밍\과제1\simple_simt\simple_simt\my_opencl_util.h(602): warning C4018: '<': signed 또는 unsigned가 일치하지 않습니다.
c:\users\woald\desktop\18-01\18-01 수치컴퓨팅, gpu프로그래밍\과제1\simple_simt\simple_simt\my_opencl_util.h(624): warning C4477: 'fprintf' : 서식 문자열 '%lu'에 'unsigned long' 형식의 인수가 필요하지만 variadic 인수 1의 형식이 'size_t'입니다.
  c:\users\woald\desktop\18-01\18-01 수치컴퓨팅, gpu프로그래밍\과제1\simple_simt\simple_simt\my_opencl_util.h(624): note: 서식 문자열에서 '%zu'을(를) 사용하는 것이 좋습니다.
c:\users\woald\desktop\18-01\18-01 수치컴퓨팅, gpu프로그래밍\과제1\simple_simt\simple_simt\my_opencl_util.h(629): warning C4477: 'fprintf' : 서식 문자열 '%lu'에 'unsigned long' 형식의 인수가 필요하지만 variadic 인수 1의 형식이 'size_t'입니다.
  c:\users\woald\desktop\18-01\18-01 수치컴퓨팅, gpu프로그래밍\과제1\simple_simt\simple_simt\my_opencl_util.h(629): note: 서식 문자열에서 '%zu'을(를) 사용하는 것이 좋습니다.
c:\users\woald\desktop\18-01\18-01 수치컴퓨팅, gpu프로그래밍\과제1\simple_simt\simple_simt\my_opencl_util.h(644): warning C4477: 'fprintf' : 서식 문자열 '%lu'에 'unsigned long' 형식의 인수가 필요하지만 variadic 인수 1의 형식이 'size_t'입니다.
  c:\users\woald\desktop\18-01\18-01 수치컴퓨팅, gpu프로그래밍\과제1\simple_simt\simple_simt\my_opencl_util.h(644): note: 서식 문자열에서 '%zu'을(를) 사용하는 것이 좋습니다.
c:\users\woald\desktop\18-01\18-01 수치컴퓨팅, gpu프로그래밍\과제1\simple_simt\simple_simt\my_opencl_util.h(644): warning C4477: 'fprintf' : 서식 문자열 '%lu'에 'unsigned long' 형식의 인수가 필요하지만 variadic 인수 2의 형식이 'size_t'입니다.
  c:\users\woald\desktop\18-01\18-01 수치컴퓨팅, gpu프로그래밍\과제1\simple_simt\simple_simt\my_opencl_util.h(644): note: 서식 문자열에서 '%zu'을(를) 사용하는 것이 좋습니다.
c:\users\woald\desktop\18-01\18-01 수치컴퓨팅, gpu프로그래밍\과제1\simple_simt\simple_simt\my_opencl_util.h(644): warning C4477: 'fprintf' : 서식 문자열 '%lu'에 'unsigned long' 형식의 인수가 필요하지만 variadic 인수 3의 형식이 'size_t'입니다.
  c:\users\woald\desktop\18-01\18-01 수치컴퓨팅, gpu프로그래밍\과제1\simple_simt\simple_simt\my_opencl_util.h(644): note: 서식 문자열에서 '%zu'을(를) 사용하는 것이 좋습니다.
c:\users\woald\desktop\18-01\18-01 수치컴퓨팅, gpu프로그래밍\과제1\simple_simt\simple_simt\main.cpp(44): warning C4244: '=': 'double'에서 'float'(으)로 변환하면서 데이터가 손실될 수 있습니다.
c:\users\woald\desktop\18-01\18-01 수치컴퓨팅, gpu프로그래밍\과제1\simple_simt\simple_simt\main.cpp(103): warning C4477: 'fprintf' : 서식 문자열 '%lu'에 'unsigned long' 형식의 인수가 필요하지만 variadic 인수 1의 형식이 'size_t'입니다.
  c:\users\woald\desktop\18-01\18-01 수치컴퓨팅, gpu프로그래밍\과제1\simple_simt\simple_simt\main.cpp(103): note: 서식 문자열에서 '%zu'을(를) 사용하는 것이 좋습니다.
c:\users\woald\desktop\18-01\18-01 수치컴퓨팅, gpu프로그래밍\과제1\simple_simt\simple_simt\main.cpp(103): warning C4477: 'fprintf' : 서식 문자열 '%lu'에 'unsigned long' 형식의 인수가 필요하지만 variadic 인수 3의 형식이 'size_t'입니다.
  c:\users\woald\desktop\18-01\18-01 수치컴퓨팅, gpu프로그래밍\과제1\simple_simt\simple_simt\main.cpp(103): note: 서식 문자열에서 '%zu'을(를) 사용하는 것이 좋습니다.
c:\users\woald\desktop\18-01\18-01 수치컴퓨팅, gpu프로그래밍\과제1\simple_simt\simple_simt\main.cpp(103): warning C4477: 'fprintf' : 서식 문자열 '%lu'에 'unsigned long' 형식의 인수가 필요하지만 variadic 인수 5의 형식이 'size_t'입니다.
  c:\users\woald\desktop\18-01\18-01 수치컴퓨팅, gpu프로그래밍\과제1\simple_simt\simple_simt\main.cpp(103): note: 서식 문자열에서 '%zu'을(를) 사용하는 것이 좋습니다.
c:\users\woald\desktop\18-01\18-01 수치컴퓨팅, gpu프로그래밍\과제1\simple_simt\simple_simt\main.cpp(271): warning C4477: 'fprintf' : 서식 문자열 '%lu'에 'unsigned long' 형식의 인수가 필요하지만 variadic 인수 1의 형식이 'size_t'입니다.
  c:\users\woald\desktop\18-01\18-01 수치컴퓨팅, gpu프로그래밍\과제1\simple_simt\simple_simt\main.cpp(271): note: 서식 문자열에서 '%zu'을(를) 사용하는 것이 좋습니다.
c:\users\woald\desktop\18-01\18-01 수치컴퓨팅, gpu프로그래밍\과제1\simple_simt\simple_simt\main.cpp(271): warning C4477: 'fprintf' : 서식 문자열 '%lu'에 'unsigned long' 형식의 인수가 필요하지만 variadic 인수 3의 형식이 'size_t'입니다.
  c:\users\woald\desktop\18-01\18-01 수치컴퓨팅, gpu프로그래밍\과제1\simple_simt\simple_simt\main.cpp(271): note: 서식 문자열에서 '%zu'을(를) 사용하는 것이 좋습니다.
c:\users\woald\desktop\18-01\18-01 수치컴퓨팅, gpu프로그래밍\과제1\simple_simt\simple_simt\main.cpp(271): warning C4477: 'fprintf' : 서식 문자열 '%lu'에 'unsigned long' 형식의 인수가 필요하지만 variadic 인수 5의 형식이 'size_t'입니다.
  c:\users\woald\desktop\18-01\18-01 수치컴퓨팅, gpu프로그래밍\과제1\simple_simt\simple_simt\main.cpp(271): note: 서식 문자열에서 '%zu'을(를) 사용하는 것이 좋습니다.
c:\users\woald\desktop\18-01\18-01 수치컴퓨팅, gpu프로그래밍\과제1\simple_simt\simple_simt\main.cpp(314): warning C4477: 'fprintf' : 서식 문자열 '%ld'에 'long' 형식의 인수가 필요하지만 variadic 인수 1의 형식이 'size_t'입니다.
  c:\users\woald\desktop\18-01\18-01 수치컴퓨팅, gpu프로그래밍\과제1\simple_simt\simple_simt\main.cpp(314): note: 서식 문자열에서 '%zd'을(를) 사용하는 것이 좋습니다.
c:\users\woald\desktop\18-01\18-01 수치컴퓨팅, gpu프로그래밍\과제1\simple_simt\simple_simt\main.cpp(314): warning C4477: 'fprintf' : 서식 문자열 '%ld'에 'long' 형식의 인수가 필요하지만 variadic 인수 3의 형식이 'size_t'입니다.
  c:\users\woald\desktop\18-01\18-01 수치컴퓨팅, gpu프로그래밍\과제1\simple_simt\simple_simt\main.cpp(314): note: 서식 문자열에서 '%zd'을(를) 사용하는 것이 좋습니다.
c:\users\woald\desktop\18-01\18-01 수치컴퓨팅, gpu프로그래밍\과제1\simple_simt\simple_simt\main.cpp(314): warning C4477: 'fprintf' : 서식 문자열 '%ld'에 'long' 형식의 인수가 필요하지만 variadic 인수 5의 형식이 'size_t'입니다.
  c:\users\woald\desktop\18-01\18-01 수치컴퓨팅, gpu프로그래밍\과제1\simple_simt\simple_simt\main.cpp(314): note: 서식 문자열에서 '%zd'을(를) 사용하는 것이 좋습니다.
  Simple_SIMT.vcxproj -> C:\Users\woald\Desktop\18-01\18-01 수치컴퓨팅, GPU프로그래밍\과제1\Simple_SIMT\x64\Debug\Simple_SIMT.exe
